15.6430 	WARNING 	Font Manager failed to load file /System/Library/PrivateFrameworks/FontServices.framework/Resources/Reserved/PingFangUI.ttc
17.7986 	DEBUG 	Fullscreen settings ignored as running in pilot mode.
17.8003 	INFO 	Loaded monitor calibration from ['2025_03_11 14:37']
18.0528 	EXP 	Created window1 = Window(allowGUI=True, allowStencil=False, autoLog=True, backendConf=UNKNOWN, backgroundFit=<method-wrapper '__getattribute__' of attributeSetter object at 0x16573fa60>, backgroundImage=<method-wrapper '__getattribute__' of attributeSetter object at 0x16573fac0>, bitsMode=UNKNOWN, blendMode='avg', bpc=(8, 8, 8), color=array([0, 0, 0]), colorSpace='rgb', depthBits=8, fullscr=False, gamma=None, gammaErrorPolicy='raise', infoMsg=UNKNOWN, lms=UNKNOWN, monitor=<psychopy.monitors.calibTools.Monitor object at 0x1657174f0>, multiSample=False, name='window1', numSamples=2, pos=[440.0, 225.0], screen=0, size=array([1600, 1200]), stencilBits=0, stereo=False, title='PsychoPy', units='height', useFBO=True, useRetina=True, viewOri=0.0, viewPos=None, viewScale=None, waitBlanking=True, winType='pyglet')
18.0528 	EXP 	window1: backgroundImage = ''
18.0528 	EXP 	window1: backgroundFit = 'none'
18.0620 	DEBUG 	TextBox2 loaded 1 chars with 0 blanks and 1 valid
18.0627 	DEBUG 	TextBox2 loaded 1 chars with 0 blanks and 1 valid
18.0634 	DEBUG 	TextBox2 loaded 1 chars with 0 blanks and 1 valid
18.0643 	DEBUG 	TextBox2 loaded 1 chars with 0 blanks and 1 valid
18.0651 	DEBUG 	TextBox2 loaded 1 chars with 0 blanks and 1 valid
18.0656 	DEBUG 	TextBox2 loaded 1 chars with 0 blanks and 1 valid
18.0662 	DEBUG 	TextBox2 loaded 1 chars with 0 blanks and 1 valid
18.0671 	DEBUG 	TextBox2 loaded 1 chars with 0 blanks and 1 valid
18.0674 	DEBUG 	TextBox2 loaded 1 chars with 0 blanks and 1 valid
18.0677 	DEBUG 	TextBox2 loaded 1 chars with 0 blanks and 1 valid
18.0684 	DEBUG 	TextBox2 loaded 1 chars with 0 blanks and 1 valid
18.0690 	DEBUG 	TextBox2 loaded 1 chars with 0 blanks and 1 valid
18.0697 	DEBUG 	TextBox2 loaded 1 chars with 0 blanks and 1 valid
18.0703 	DEBUG 	TextBox2 loaded 1 chars with 0 blanks and 1 valid
18.0709 	DEBUG 	TextBox2 loaded 1 chars with 0 blanks and 1 valid
18.0716 	DEBUG 	TextBox2 loaded 1 chars with 0 blanks and 1 valid
18.0722 	DEBUG 	TextBox2 loaded 1 chars with 0 blanks and 1 valid
18.0726 	DEBUG 	TextBox2 loaded 1 chars with 0 blanks and 1 valid
18.0730 	DEBUG 	TextBox2 loaded 1 chars with 0 blanks and 1 valid
18.0739 	DEBUG 	TextBox2 loaded 1 chars with 0 blanks and 1 valid
18.0743 	DEBUG 	TextBox2 loaded 1 chars with 0 blanks and 1 valid
18.0745 	DEBUG 	Uploading Texture Font fontname to graphics card
18.0785 	DEBUG 	Upload of Texture Font fontname complete
18.0845 	DEBUG 	TextBox2 loaded 1 chars with 0 blanks and 1 valid
18.0854 	DEBUG 	TextBox2 loaded 1 chars with 0 blanks and 1 valid
18.0863 	DEBUG 	TextBox2 loaded 1 chars with 0 blanks and 1 valid
18.0865 	DEBUG 	Uploading Texture Font fontname to graphics card
18.0885 	DEBUG 	Upload of Texture Font fontname complete
18.0901 	EXP 	window1: Attempting to measure frame rate of screen (0) ...
18.0901 	EXP 	window1: recordFrameIntervals = False
18.3350 	EXP 	window1: recordFrameIntervals = True
18.6752 	WARNING 	t of last frame was 23.09ms (=1/43)
19.1857 	WARNING 	Couldn't measure a consistent frame rate!
  - Is your graphics card set to sync to vertical blank?
  - Are you running other processes on your computer?

19.1978 	DEBUG 	TextBox2 loaded 1 chars with 0 blanks and 1 valid
19.1987 	DEBUG 	TextBox2 loaded 1 chars with 0 blanks and 1 valid
19.2003 	DEBUG 	TextBox2 loaded 1 chars with 0 blanks and 1 valid
19.2022 	DEBUG 	TextBox2 loaded 1 chars with 0 blanks and 1 valid
19.2039 	DEBUG 	TextBox2 loaded 1 chars with 0 blanks and 1 valid
19.2055 	DEBUG 	TextBox2 loaded 1 chars with 0 blanks and 1 valid
19.2063 	DEBUG 	TextBox2 loaded 1 chars with 0 blanks and 1 valid
19.2078 	DEBUG 	TextBox2 loaded 1 chars with 0 blanks and 1 valid
19.2095 	DEBUG 	TextBox2 loaded 1 chars with 0 blanks and 1 valid
19.2110 	DEBUG 	TextBox2 loaded 1 chars with 0 blanks and 1 valid
19.2115 	DEBUG 	Uploading Texture Font fontname to graphics card
19.2162 	DEBUG 	Upload of Texture Font fontname complete
19.2380 	WARNING 	launchHubServer: If using the iohub mouse or eyetracker devices, fullScr should be True.
22.9551 	INFO 	keyboard.Keyboard is using iohub backend.
22.9552 	EXP 	PSYCOPHY: status = STARTED
23.0159 	EXP 	Created image = ImageStim(__class__=<class 'psychopy.visual.image.ImageStim'>, anchor=('center', 'center'), autoLog=True, color=array([1., 1., 1.]), colorSpace='rgb', contrast=1.0, depth=0.0, draggable=False, flipHoriz=False, flipVert=False, image='img/background.jpg', interpolate=True, mask=None, maskParams=None, name='image', opacity=1, ori=0.0, pos=array([0., 0.]), size=array([2., 2.]), texRes=128.0, units='height', win=Window(...))
23.0556 	EXP 	Created text = TextStim(__class__=<class 'psychopy.visual.text.TextStim'>, alignHoriz=method-wrapper(...), alignText='center', alignVert=method-wrapper(...), anchorHoriz='center', anchorVert='center', antialias=True, autoDraw=False, autoLog=True, bold=False, color=array([1., 1., 1.]), colorSpace='rgb', contrast=1.0, depth=-1.0, draggable=False, flipHoriz=False, flipVert=False, font='Arial', fontFiles=[], height=0.05, italic=False, languageStyle='LTR', name='text', opacity=1, ori=0.0, pos=array([0., 0.]), rgb=UNKNOWN, text=str(...), units='height', win=Window(...), wrapWidth=1)
23.0610 	DEBUG 	TextBox2 loaded 1 chars with 0 blanks and 1 valid
23.0620 	DEBUG 	TextBox2 loaded 1 chars with 0 blanks and 1 valid
23.0631 	DEBUG 	TextBox2 loaded 1 chars with 0 blanks and 1 valid
23.0641 	DEBUG 	TextBox2 loaded 1 chars with 0 blanks and 1 valid
23.0643 	DEBUG 	Uploading Texture Font fontname to graphics card
23.0674 	DEBUG 	Upload of Texture Font fontname complete
23.0734 	DEBUG 	TextBox2 loaded 1 chars with 0 blanks and 1 valid
23.0744 	DEBUG 	TextBox2 loaded 1 chars with 0 blanks and 1 valid
23.0751 	DEBUG 	TextBox2 loaded 1 chars with 0 blanks and 1 valid
23.0753 	DEBUG 	TextBox2 loaded 1 chars with 0 blanks and 1 valid
23.0757 	DEBUG 	TextBox2 loaded 1 chars with 0 blanks and 1 valid
23.0767 	DEBUG 	TextBox2 loaded 1 chars with 0 blanks and 1 valid
23.0773 	DEBUG 	TextBox2 loaded 1 chars with 0 blanks and 1 valid
23.0776 	DEBUG 	TextBox2 loaded 1 chars with 0 blanks and 1 valid
23.0778 	DEBUG 	Uploading Texture Font fontname to graphics card
23.0802 	DEBUG 	Upload of Texture Font fontname complete
23.1099 	EXP 	Created image_2 = ImageStim(__class__=<class 'psychopy.visual.image.ImageStim'>, anchor=('center', 'center'), autoLog=True, color=array([1., 1., 1.]), colorSpace='rgb', contrast=1.0, depth=0.0, draggable=False, flipHoriz=False, flipVert=False, image='img/background.jpg', interpolate=True, mask=None, maskParams=None, name='image_2', opacity=1, ori=0.0, pos=array([0., 0.]), size=array([2., 2.]), texRes=128.0, units='height', win=Window(...))
23.1162 	EXP 	Created left_img_trial = ImageStim(__class__=<class 'psychopy.visual.image.ImageStim'>, anchor=('center', 'center'), autoLog=True, color=array([1., 1., 1.]), colorSpace='rgb', contrast=1.0, depth=-1.0, draggable=False, flipHoriz=False, flipVert=False, image='default.png', interpolate=True, mask=None, maskParams=None, name='left_img_trial', opacity=1, ori=0.0, pos=array([-0.2,  0. ]), size=array([0.4, 0.4]), texRes=128.0, units='height', win=Window(...))
23.1193 	EXP 	Created right_img_trial = ImageStim(__class__=<class 'psychopy.visual.image.ImageStim'>, anchor=('center', 'center'), autoLog=True, color=array([1., 1., 1.]), colorSpace='rgb', contrast=1.0, depth=-2.0, draggable=False, flipHoriz=False, flipVert=False, image='default.png', interpolate=True, mask=None, maskParams=None, name='right_img_trial', opacity=1, ori=0.0, pos=array([0.2, 0. ]), size=array([0.4, 0.4]), texRes=128.0, units='height', win=Window(...))
23.1199 	EXP 	Created text_2 = TextStim(__class__=<class 'psychopy.visual.text.TextStim'>, alignHoriz=method-wrapper(...), alignText='center', alignVert=method-wrapper(...), anchorHoriz='center', anchorVert='center', antialias=True, autoDraw=False, autoLog=True, bold=False, color=array([1., 1., 1.]), colorSpace='rgb', contrast=1.0, depth=-1.0, draggable=False, flipHoriz=False, flipVert=False, font='Arial', fontFiles=[], height=0.05, italic=False, languageStyle='LTR', name='text_2', opacity=1, ori=0.0, pos=array([0., 0.]), rgb=UNKNOWN, text='', units='height', win=Window(...), wrapWidth=1)
0.0255 	EXP 	image: autoDraw = True
0.0255 	EXP 	text: autoDraw = True
0.5654 	WARNING 	t of last frame was 21.66ms (=1/46)
3.3571 	DATA 	Mouse: Left button down, pos=(394,56)
3.3650 	DEBUG 	Read excel file with openpyxl: conditions/trial1.xlsx
3.3653 	EXP 	Imported conditions/trial1.xlsx as conditions, 4 conditions, 4 params
3.3657 	EXP 	New trial (rep=0, index=0): <Trial 0 (0 in rep 0) data={'left_color': 'img/white_butterfly.png', 'right_color': 'img/yellow_butterfly.png', 'correct_response': 'right_img_trial', 'top_txt': ' ', 'thisN': 0, 'thisTrialN': 0, 'thisRepN': 0}>
3.3658 	EXP 	New trial (rep=0, index=0): <Trial 0 (0 in rep 0) data={'thisN': 0, 'thisTrialN': 0, 'thisRepN': 0}>
3.4135 	WARNING 	t of last frame was 58.84ms (=1/16)
3.4135 	EXP 	image: autoDraw = False
3.4135 	EXP 	text: autoDraw = False
3.4135 	EXP 	left_img_trial: image = 'img/white_butterfly.png'
3.4135 	EXP 	right_img_trial: image = 'img/yellow_butterfly.png'
3.4135 	EXP 	image_2: autoDraw = True
3.4135 	EXP 	left_img_trial: autoDraw = True
3.4135 	EXP 	right_img_trial: autoDraw = True
3.4337 	DATA 	Mouse:  Left button up, pos=(394,56)
4.2006 	DATA 	Mouse: Left button down, pos=(476,314)
4.2081 	EXP 	image_2: autoDraw = False
4.2081 	EXP 	left_img_trial: autoDraw = False
4.2081 	EXP 	right_img_trial: autoDraw = False
4.2081 	EXP 	text_2: height = 0.05
4.2081 	EXP 	text_2: height = 0.05
4.2081 	EXP 	text_2: height = 0.05
4.2081 	EXP 	text_2: text = 'Correct!'
4.2081 	EXP 	text_2: autoDraw = True
4.2681 	DATA 	Mouse:  Left button up, pos=(476,314)
5.2014 	EXP 	New trial (rep=0, index=1): <Trial 1 (1 in rep 0) data={'left_color': 'img/white_butterfly.png', 'right_color': 'img/purple_butterfly.png', 'correct_response': 'left_img_trial', 'top_txt': ' ', 'thisN': 1, 'thisTrialN': 1, 'thisRepN': 0}>
5.2015 	EXP 	New trial (rep=0, index=0): <Trial 0 (0 in rep 0) data={'thisN': 0, 'thisTrialN': 0, 'thisRepN': 0}>
5.2825 	WARNING 	t of last frame was 84.08ms (=1/11)
5.2825 	EXP 	text_2: autoDraw = False
5.2825 	EXP 	text_2: autoDraw = False
5.2825 	EXP 	left_img_trial: image = 'img/white_butterfly.png'
5.2825 	EXP 	right_img_trial: image = 'img/purple_butterfly.png'
5.2825 	EXP 	image_2: autoDraw = True
5.2825 	EXP 	left_img_trial: autoDraw = True
5.2825 	EXP 	right_img_trial: autoDraw = True
6.0675 	DATA 	Mouse: Left button down, pos=(268,330)
6.0721 	EXP 	image_2: autoDraw = False
6.0721 	EXP 	left_img_trial: autoDraw = False
6.0721 	EXP 	right_img_trial: autoDraw = False
6.0721 	EXP 	text_2: text = 'Correct!'
6.0721 	EXP 	text_2: autoDraw = True
6.1178 	DATA 	Mouse:  Left button up, pos=(268,330)
7.0687 	EXP 	New trial (rep=0, index=2): <Trial 2 (2 in rep 0) data={'left_color': 'img/purple_butterfly.png', 'right_color': 'img/white_butterfly.png', 'correct_response': 'left_img_trial', 'top_txt': ' ', 'thisN': 2, 'thisTrialN': 2, 'thisRepN': 0}>
7.0689 	EXP 	New trial (rep=0, index=0): <Trial 0 (0 in rep 0) data={'thisN': 0, 'thisTrialN': 0, 'thisRepN': 0}>
7.1475 	WARNING 	Multiple dropped frames have occurred - I'll stop bothering you about them!
7.1475 	EXP 	text_2: autoDraw = False
7.1475 	EXP 	text_2: autoDraw = False
7.1475 	EXP 	left_img_trial: image = 'img/purple_butterfly.png'
7.1475 	EXP 	right_img_trial: image = 'img/white_butterfly.png'
7.1475 	EXP 	image_2: autoDraw = True
7.1475 	EXP 	left_img_trial: autoDraw = True
7.1475 	EXP 	right_img_trial: autoDraw = True
7.8189 	DATA 	Mouse: Left button down, pos=(271,329)
7.8316 	EXP 	image_2: autoDraw = False
7.8316 	EXP 	left_img_trial: autoDraw = False
7.8316 	EXP 	right_img_trial: autoDraw = False
7.8316 	EXP 	text_2: text = 'Correct!'
7.8316 	EXP 	text_2: autoDraw = True
7.9075 	DATA 	Mouse:  Left button up, pos=(271,329)
8.8193 	EXP 	New trial (rep=0, index=3): <Trial 3 (3 in rep 0) data={'left_color': 'img/yellow_butterfly.png', 'right_color': 'img/white_butterfly.png', 'correct_response': 'right_img_trial', 'top_txt': ' ', 'thisN': 3, 'thisTrialN': 3, 'thisRepN': 0}>
8.8195 	EXP 	New trial (rep=0, index=0): <Trial 0 (0 in rep 0) data={'thisN': 0, 'thisTrialN': 0, 'thisRepN': 0}>
8.8692 	EXP 	text_2: autoDraw = False
8.8692 	EXP 	text_2: autoDraw = False
8.8692 	EXP 	left_img_trial: image = 'img/yellow_butterfly.png'
8.8692 	EXP 	right_img_trial: image = 'img/white_butterfly.png'
8.8692 	EXP 	image_2: autoDraw = True
8.8692 	EXP 	left_img_trial: autoDraw = True
8.8692 	EXP 	right_img_trial: autoDraw = True
9.7677 	DATA 	Mouse: Left button down, pos=(565,313)
9.7726 	EXP 	image_2: autoDraw = False
9.7726 	EXP 	left_img_trial: autoDraw = False
9.7726 	EXP 	right_img_trial: autoDraw = False
9.7726 	EXP 	text_2: text = 'Correct!'
9.7726 	EXP 	text_2: autoDraw = True
9.8419 	DATA 	Mouse:  Left button up, pos=(565,313)
10.7723 	EXP 	text_2: autoDraw = False
10.7723 	EXP 	text_2: autoDraw = False
10.7739 	EXP 	PSYCOPHY: status = STOPPED
10.7763 	INFO 	saved data to '/Users/ahsenbeyzaozkul/Desktop/psycophyproje/data/117511_PSYCOPHY_2025-04-11_16h36.00.661.csv'
10.7777 	INFO 	saved data to /Users/ahsenbeyzaozkul/Desktop/psycophyproje/data/117511_PSYCOPHY_2025-04-11_16h36.00.661.psydat
11.1157 	DEBUG 	Saving data for PSYCOPHY ExperimentHandler
