14.8426 	WARNING 	Font Manager failed to load file /System/Library/PrivateFrameworks/FontServices.framework/Resources/Reserved/PingFangUI.ttc
17.0056 	DEBUG 	Fullscreen settings ignored as running in pilot mode.
17.0074 	INFO 	Loaded monitor calibration from ['2025_03_11 14:37']
17.2584 	EXP 	Created window1 = Window(allowGUI=True, allowStencil=False, autoLog=True, backendConf=UNKNOWN, backgroundFit=<method-wrapper '__getattribute__' of attributeSetter object at 0x16790bfa0>, backgroundImage=<method-wrapper '__getattribute__' of attributeSetter object at 0x16790bf40>, bitsMode=UNKNOWN, blendMode='avg', bpc=(8, 8, 8), color=array([0, 0, 0]), colorSpace='rgb', depthBits=8, fullscr=False, gamma=None, gammaErrorPolicy='raise', infoMsg=UNKNOWN, lms=UNKNOWN, monitor=<psychopy.monitors.calibTools.Monitor object at 0x1679802b0>, multiSample=False, name='window1', numSamples=2, pos=[440.0, 225.0], screen=0, size=array([1600, 1200]), stencilBits=0, stereo=False, title='PsychoPy', units='height', useFBO=True, useRetina=True, viewOri=0.0, viewPos=None, viewScale=None, waitBlanking=True, winType='pyglet')
17.2584 	EXP 	window1: backgroundImage = ''
17.2584 	EXP 	window1: backgroundFit = 'none'
17.2668 	DEBUG 	TextBox2 loaded 1 chars with 0 blanks and 1 valid
17.2675 	DEBUG 	TextBox2 loaded 1 chars with 0 blanks and 1 valid
17.2681 	DEBUG 	TextBox2 loaded 1 chars with 0 blanks and 1 valid
17.2690 	DEBUG 	TextBox2 loaded 1 chars with 0 blanks and 1 valid
17.2698 	DEBUG 	TextBox2 loaded 1 chars with 0 blanks and 1 valid
17.2702 	DEBUG 	TextBox2 loaded 1 chars with 0 blanks and 1 valid
17.2709 	DEBUG 	TextBox2 loaded 1 chars with 0 blanks and 1 valid
17.2718 	DEBUG 	TextBox2 loaded 1 chars with 0 blanks and 1 valid
17.2721 	DEBUG 	TextBox2 loaded 1 chars with 0 blanks and 1 valid
17.2724 	DEBUG 	TextBox2 loaded 1 chars with 0 blanks and 1 valid
17.2731 	DEBUG 	TextBox2 loaded 1 chars with 0 blanks and 1 valid
17.2737 	DEBUG 	TextBox2 loaded 1 chars with 0 blanks and 1 valid
17.2743 	DEBUG 	TextBox2 loaded 1 chars with 0 blanks and 1 valid
17.2750 	DEBUG 	TextBox2 loaded 1 chars with 0 blanks and 1 valid
17.2756 	DEBUG 	TextBox2 loaded 1 chars with 0 blanks and 1 valid
17.2763 	DEBUG 	TextBox2 loaded 1 chars with 0 blanks and 1 valid
17.2769 	DEBUG 	TextBox2 loaded 1 chars with 0 blanks and 1 valid
17.2773 	DEBUG 	TextBox2 loaded 1 chars with 0 blanks and 1 valid
17.2777 	DEBUG 	TextBox2 loaded 1 chars with 0 blanks and 1 valid
17.2786 	DEBUG 	TextBox2 loaded 1 chars with 0 blanks and 1 valid
17.2790 	DEBUG 	TextBox2 loaded 1 chars with 0 blanks and 1 valid
17.2792 	DEBUG 	Uploading Texture Font fontname to graphics card
17.2831 	DEBUG 	Upload of Texture Font fontname complete
17.2890 	DEBUG 	TextBox2 loaded 1 chars with 0 blanks and 1 valid
17.2900 	DEBUG 	TextBox2 loaded 1 chars with 0 blanks and 1 valid
17.2908 	DEBUG 	TextBox2 loaded 1 chars with 0 blanks and 1 valid
17.2910 	DEBUG 	Uploading Texture Font fontname to graphics card
17.2931 	DEBUG 	Upload of Texture Font fontname complete
17.2946 	EXP 	window1: Attempting to measure frame rate of screen (0) ...
17.2947 	EXP 	window1: recordFrameIntervals = False
17.5198 	EXP 	window1: recordFrameIntervals = True
17.8710 	WARNING 	t of last frame was 22.32ms (=1/44)
18.3699 	WARNING 	Couldn't measure a consistent frame rate!
  - Is your graphics card set to sync to vertical blank?
  - Are you running other processes on your computer?

18.3824 	DEBUG 	TextBox2 loaded 1 chars with 0 blanks and 1 valid
18.3833 	DEBUG 	TextBox2 loaded 1 chars with 0 blanks and 1 valid
18.3849 	DEBUG 	TextBox2 loaded 1 chars with 0 blanks and 1 valid
18.3869 	DEBUG 	TextBox2 loaded 1 chars with 0 blanks and 1 valid
18.3888 	DEBUG 	TextBox2 loaded 1 chars with 0 blanks and 1 valid
18.3907 	DEBUG 	TextBox2 loaded 1 chars with 0 blanks and 1 valid
18.3915 	DEBUG 	TextBox2 loaded 1 chars with 0 blanks and 1 valid
18.3929 	DEBUG 	TextBox2 loaded 1 chars with 0 blanks and 1 valid
18.3945 	DEBUG 	TextBox2 loaded 1 chars with 0 blanks and 1 valid
18.3960 	DEBUG 	TextBox2 loaded 1 chars with 0 blanks and 1 valid
18.3964 	DEBUG 	Uploading Texture Font fontname to graphics card
18.4003 	DEBUG 	Upload of Texture Font fontname complete
18.4232 	WARNING 	launchHubServer: If using the iohub mouse or eyetracker devices, fullScr should be True.
22.1503 	INFO 	keyboard.Keyboard is using iohub backend.
22.1504 	EXP 	PSYCOPHY: status = STARTED
22.2096 	EXP 	Created image = ImageStim(__class__=<class 'psychopy.visual.image.ImageStim'>, anchor=('center', 'center'), autoLog=True, color=array([1., 1., 1.]), colorSpace='rgb', contrast=1.0, depth=0.0, draggable=False, flipHoriz=False, flipVert=False, image='img/background.jpg', interpolate=True, mask=None, maskParams=None, name='image', opacity=1, ori=0.0, pos=array([0., 0.]), size=array([2., 2.]), texRes=128.0, units='height', win=Window(...))
22.2496 	EXP 	Created text = TextStim(__class__=<class 'psychopy.visual.text.TextStim'>, alignHoriz=method-wrapper(...), alignText='center', alignVert=method-wrapper(...), anchorHoriz='center', anchorVert='center', antialias=True, autoDraw=False, autoLog=True, bold=False, color=array([1., 1., 1.]), colorSpace='rgb', contrast=1.0, depth=-1.0, draggable=False, flipHoriz=False, flipVert=False, font='Arial', fontFiles=[], height=0.05, italic=False, languageStyle='LTR', name='text', opacity=1, ori=0.0, pos=array([0., 0.]), rgb=UNKNOWN, text=str(...), units='height', win=Window(...), wrapWidth=1)
22.2559 	DEBUG 	TextBox2 loaded 1 chars with 0 blanks and 1 valid
22.2569 	DEBUG 	TextBox2 loaded 1 chars with 0 blanks and 1 valid
22.2580 	DEBUG 	TextBox2 loaded 1 chars with 0 blanks and 1 valid
22.2590 	DEBUG 	TextBox2 loaded 1 chars with 0 blanks and 1 valid
22.2591 	DEBUG 	Uploading Texture Font fontname to graphics card
22.2621 	DEBUG 	Upload of Texture Font fontname complete
22.2676 	DEBUG 	TextBox2 loaded 1 chars with 0 blanks and 1 valid
22.2686 	DEBUG 	TextBox2 loaded 1 chars with 0 blanks and 1 valid
22.2693 	DEBUG 	TextBox2 loaded 1 chars with 0 blanks and 1 valid
22.2695 	DEBUG 	TextBox2 loaded 1 chars with 0 blanks and 1 valid
22.2698 	DEBUG 	TextBox2 loaded 1 chars with 0 blanks and 1 valid
22.2708 	DEBUG 	TextBox2 loaded 1 chars with 0 blanks and 1 valid
22.2715 	DEBUG 	TextBox2 loaded 1 chars with 0 blanks and 1 valid
22.2718 	DEBUG 	TextBox2 loaded 1 chars with 0 blanks and 1 valid
22.2720 	DEBUG 	Uploading Texture Font fontname to graphics card
22.2740 	DEBUG 	Upload of Texture Font fontname complete
22.3050 	EXP 	Created image_2 = ImageStim(__class__=<class 'psychopy.visual.image.ImageStim'>, anchor=('center', 'center'), autoLog=True, color=array([1., 1., 1.]), colorSpace='rgb', contrast=1.0, depth=0.0, draggable=False, flipHoriz=False, flipVert=False, image='img/background.jpg', interpolate=True, mask=None, maskParams=None, name='image_2', opacity=1, ori=0.0, pos=array([0., 0.]), size=array([2., 2.]), texRes=128.0, units='height', win=Window(...))
22.3130 	EXP 	Created left_image_trial = ImageStim(__class__=<class 'psychopy.visual.image.ImageStim'>, anchor=('center', 'center'), autoLog=True, color=array([1., 1., 1.]), colorSpace='rgb', contrast=1.0, depth=-1.0, draggable=False, flipHoriz=False, flipVert=False, image='default.png', interpolate=True, mask=None, maskParams=None, name='left_image_trial', opacity=1, ori=0.0, pos=array([-0.2,  0. ]), size=array([0.4, 0.4]), texRes=128.0, units='height', win=Window(...))
22.3161 	EXP 	Created right_image_trial = ImageStim(__class__=<class 'psychopy.visual.image.ImageStim'>, anchor=('center', 'center'), autoLog=True, color=array([1., 1., 1.]), colorSpace='rgb', contrast=1.0, depth=-2.0, draggable=False, flipHoriz=False, flipVert=False, image='default.png', interpolate=True, mask=None, maskParams=None, name='right_image_trial', opacity=1, ori=0.0, pos=array([0.2, 0. ]), size=array([0.4, 0.4]), texRes=128.0, units='height', win=Window(...))
22.8998 	DEBUG 	Saving data for PSYCOPHY ExperimentHandler
22.9001 	INFO 	saved data to /Users/ahsenbeyzaozkul/Desktop/psycophyproje/data/508643_PSYCOPHY_2025-04-11_16h33.39.635.psydat
22.9005 	INFO 	saved data to '/Users/ahsenbeyzaozkul/Desktop/psycophyproje/data/508643_PSYCOPHY_2025-04-11_16h33.39.635.csv'
